usage: run_cmeee.py [-h] --output_dir OUTPUT_DIR
                    [--overwrite_output_dir [OVERWRITE_OUTPUT_DIR]]
                    [--do_train [DO_TRAIN]] [--do_eval [DO_EVAL]]
                    [--do_predict [DO_PREDICT]]
                    [--evaluation_strategy {no,steps,epoch}]
                    [--prediction_loss_only [PREDICTION_LOSS_ONLY]]
                    [--per_device_train_batch_size PER_DEVICE_TRAIN_BATCH_SIZE]
                    [--per_device_eval_batch_size PER_DEVICE_EVAL_BATCH_SIZE]
                    [--per_gpu_train_batch_size PER_GPU_TRAIN_BATCH_SIZE]
                    [--per_gpu_eval_batch_size PER_GPU_EVAL_BATCH_SIZE]
                    [--gradient_accumulation_steps GRADIENT_ACCUMULATION_STEPS]
                    [--eval_accumulation_steps EVAL_ACCUMULATION_STEPS]
                    [--learning_rate LEARNING_RATE]
                    [--weight_decay WEIGHT_DECAY] [--adam_beta1 ADAM_BETA1]
                    [--adam_beta2 ADAM_BETA2] [--adam_epsilon ADAM_EPSILON]
                    [--max_grad_norm MAX_GRAD_NORM]
                    [--num_train_epochs NUM_TRAIN_EPOCHS]
                    [--max_steps MAX_STEPS]
                    [--lr_scheduler_type {linear,cosine,cosine_with_restarts,polynomial,constant,constant_with_warmup}]
                    [--warmup_ratio WARMUP_RATIO]
                    [--warmup_steps WARMUP_STEPS]
                    [--log_level {debug,info,warning,error,critical,passive}]
                    [--log_level_replica {debug,info,warning,error,critical,passive}]
                    [--log_on_each_node [LOG_ON_EACH_NODE]]
                    [--no_log_on_each_node] [--logging_dir LOGGING_DIR]
                    [--logging_strategy {no,steps,epoch}]
                    [--logging_first_step [LOGGING_FIRST_STEP]]
                    [--logging_steps LOGGING_STEPS]
                    [--logging_nan_inf_filter LOGGING_NAN_INF_FILTER]
                    [--save_strategy {no,steps,epoch}]
                    [--save_steps SAVE_STEPS]
                    [--save_total_limit SAVE_TOTAL_LIMIT]
                    [--save_on_each_node [SAVE_ON_EACH_NODE]]
                    [--no_cuda [NO_CUDA]] [--seed SEED] [--bf16 [BF16]]
                    [--fp16 [FP16]] [--fp16_opt_level FP16_OPT_LEVEL]
                    [--half_precision_backend {auto,amp,apex}]
                    [--bf16_full_eval [BF16_FULL_EVAL]]
                    [--fp16_full_eval [FP16_FULL_EVAL]] [--tf32 [TF32]]
                    [--local_rank LOCAL_RANK] [--xpu_backend {mpi,ccl}]
                    [--tpu_num_cores TPU_NUM_CORES]
                    [--tpu_metrics_debug [TPU_METRICS_DEBUG]] [--debug DEBUG]
                    [--dataloader_drop_last [DATALOADER_DROP_LAST]]
                    [--eval_steps EVAL_STEPS]
                    [--dataloader_num_workers DATALOADER_NUM_WORKERS]
                    [--past_index PAST_INDEX] [--run_name RUN_NAME]
                    [--disable_tqdm DISABLE_TQDM]
                    [--remove_unused_columns [REMOVE_UNUSED_COLUMNS]]
                    [--no_remove_unused_columns]
                    [--label_names LABEL_NAMES [LABEL_NAMES ...]]
                    [--load_best_model_at_end [LOAD_BEST_MODEL_AT_END]]
                    [--metric_for_best_model METRIC_FOR_BEST_MODEL]
                    [--greater_is_better GREATER_IS_BETTER]
                    [--ignore_data_skip [IGNORE_DATA_SKIP]]
                    [--sharded_ddp SHARDED_DDP] [--deepspeed DEEPSPEED]
                    [--label_smoothing_factor LABEL_SMOOTHING_FACTOR]
                    [--optim {adamw_hf,adamw_torch,adamw_torch_xla,adamw_apex_fused,adafactor}]
                    [--adafactor [ADAFACTOR]]
                    [--group_by_length [GROUP_BY_LENGTH]]
                    [--length_column_name LENGTH_COLUMN_NAME]
                    [--report_to REPORT_TO [REPORT_TO ...]]
                    [--ddp_find_unused_parameters DDP_FIND_UNUSED_PARAMETERS]
                    [--ddp_bucket_cap_mb DDP_BUCKET_CAP_MB]
                    [--dataloader_pin_memory [DATALOADER_PIN_MEMORY]]
                    [--no_dataloader_pin_memory]
                    [--skip_memory_metrics [SKIP_MEMORY_METRICS]]
                    [--no_skip_memory_metrics]
                    [--use_legacy_prediction_loop [USE_LEGACY_PREDICTION_LOOP]]
                    [--push_to_hub [PUSH_TO_HUB]]
                    [--resume_from_checkpoint RESUME_FROM_CHECKPOINT]
                    [--hub_model_id HUB_MODEL_ID]
                    [--hub_strategy {end,every_save,checkpoint,all_checkpoints}]
                    [--hub_token HUB_TOKEN]
                    [--gradient_checkpointing [GRADIENT_CHECKPOINTING]]
                    [--fp16_backend {auto,amp,apex}]
                    [--push_to_hub_model_id PUSH_TO_HUB_MODEL_ID]
                    [--push_to_hub_organization PUSH_TO_HUB_ORGANIZATION]
                    [--push_to_hub_token PUSH_TO_HUB_TOKEN]
                    [--mp_parameters MP_PARAMETERS] --model_type MODEL_TYPE
                    --head_type {linear,linear_nested,crf,crf_nested}
                    [--model_path MODEL_PATH] [--init_model {0,1}]
                    [--prompt_tuning [PROMPT_TUNING]] --cblue_root CBLUE_ROOT
                    [--max_length MAX_LENGTH]
run_cmeee.py: error: argument --head_type: invalid choice: 'adapter_linear' (choose from 'linear', 'linear_nested', 'crf', 'crf_nested')
